/*C3*/SET SCHEMA PUBLIC
DISCONNECT
/*C5*/SET SCHEMA PUBLIC
INSERT INTO CUSTOMER VALUES(1,'123 Main St, Anytown, USA','1985-03-15 00:00:00.000000','john.smith@example.com','John','Smith','555-123-4567')
INSERT INTO CUSTOMER VALUES(2,'456 Oak Ave, Somewhere, USA','1990-07-22 00:00:00.000000','sarah.j@example.com','Sarah','Johnson','555-987-6543')
INSERT INTO CUSTOMER VALUES(3,'789 Pine Rd, Elsewhere, USA','1978-11-30 00:00:00.000000','michael.b@example.com','Michael','Brown','555-456-7890')
INSERT INTO POLICY VALUES(1,'COMPREHENSIVE',500.00,'2026-01-01 00:00:00.000000','POL-001-2025',1200.00,'2025-01-01 00:00:00.000000','ACTIVE',1)
INSERT INTO POLICY VALUES(2,'THIRD_PARTY',750.00,'2026-02-15 00:00:00.000000','POL-002-2025',950.00,'2025-02-15 00:00:00.000000','ACTIVE',2)
INSERT INTO POLICY VALUES(3,'COMPREHENSIVE',300.00,'2026-03-10 00:00:00.000000','POL-003-2025',1500.00,'2025-03-10 00:00:00.000000','ACTIVE',3)
INSERT INTO POLICY VALUES(4,'BASIC',1000.00,'2026-04-01 00:00:00.000000','POL-004-2025',850.00,'2025-04-01 00:00:00.000000','ACTIVE',1)
INSERT INTO VEHICLE VALUES(1,'Silver','Gasoline','ABC-1234','Toyota',15000,'Camry',25000.00,'JT2BF22K1W0123456',2022,1)
INSERT INTO VEHICLE VALUES(2,'Blue','Hybrid','XYZ-7890','Honda',22000,'Civic',22000.00,'JHMEJ6674YS012345',2021,2)
INSERT INTO VEHICLE VALUES(3,'Black','Gasoline','DEF-4567','Ford',8000,'Explorer',35000.00,'1FMEU74E67UA12345',2023,3)
INSERT INTO VEHICLE VALUES(4,'Red','Gasoline','GHI-8901','Chevrolet',30000,'Malibu',18000.00,'1G1ZD5ST7JF123456',2020,4)
INSERT INTO VEHICLE VALUES(5,'White','Electric','JKL-2345','Tesla',5000,'Model 3',45000.00,'5YJ3E1EA1PF123456',2023,1)
INSERT INTO CLAIM VALUES(1,3500.00,'CLM-001-2025','2025-02-12 00:00:00.000000','2025-02-10 00:00:00.000000','Rear-end collision damage to bumper and trunk','Intersection of Main St and 5th Ave','APPROVED',1)
INSERT INTO CLAIM VALUES(2,2200.00,'CLM-002-2025','2025-03-16 00:00:00.000000','2025-03-15 00:00:00.000000','Hail damage to hood and roof','Highway 101, Mile Marker 25','UNDER_REVIEW',3)
INSERT INTO CLAIM VALUES(3,1800.00,'CLM-003-2025','2025-03-25 00:00:00.000000','2025-03-22 00:00:00.000000','Side mirror and door damaged in parking lot','Shopping Mall Parking Lot, Space 45','SUBMITTED',2)
INSERT INTO CLAIM VALUES(4,5000.00,'CLM-004-2025','2025-04-06 00:00:00.000000','2025-04-05 00:00:00.000000','Front-end damage from collision with deer','Rural Route 7, near Forest Park','PAID',1)
COMMIT
DISCONNECT
